[debug] [2021-04-26T13:34:56.359Z] ----------------------------------------------------------------------
[debug] [2021-04-26T13:34:56.360Z] Command:       C:\Projects\Programs\NodeJS\node.exe C:\Projects\Programs\NodeJS\node_modules\firebase-tools\lib\bin\firebase.js deploy
[debug] [2021-04-26T13:34:56.361Z] CLI Version:   9.2.2
[debug] [2021-04-26T13:34:56.361Z] Platform:      win32
[debug] [2021-04-26T13:34:56.361Z] Node Version:  v12.20.1
[debug] [2021-04-26T13:34:56.361Z] Time:          Mon Apr 26 2021 10:34:56 GMT-0300 (GMT-03:00)
[debug] [2021-04-26T13:34:56.361Z] ----------------------------------------------------------------------
[debug] [2021-04-26T13:34:56.362Z] 
[debug] [2021-04-26T13:34:56.364Z] >>> [apiv2][query] GET https://firebase-public.firebaseio.com/cli.json [none]
[debug] [2021-04-26T13:34:56.381Z] > command requires scopes: ["email","openid","https://www.googleapis.com/auth/cloudplatformprojects.readonly","https://www.googleapis.com/auth/firebase","https://www.googleapis.com/auth/cloud-platform"]
[debug] [2021-04-26T13:34:56.381Z] > authorizing via signed-in user
[debug] [2021-04-26T13:34:56.381Z] [iam] checking project mlt-tag-test for permissions ["firebase.projects.get","firebasedatabase.instances.update","firebasehosting.sites.update"]
[debug] [2021-04-26T13:34:56.383Z] > refreshing access token with scopes: ["email","https://www.googleapis.com/auth/cloud-platform","https://www.googleapis.com/auth/cloudplatformprojects.readonly","https://www.googleapis.com/auth/firebase","openid"]
[debug] [2021-04-26T13:34:56.383Z] >>> HTTP REQUEST POST https://www.googleapis.com/oauth2/v3/token  
 <request body omitted>
[debug] [2021-04-26T13:34:56.650Z] <<< HTTP RESPONSE 200 {"expires":"Mon, 01 Jan 1990 00:00:00 GMT","cache-control":"no-cache, no-store, max-age=0, must-revalidate","date":"Mon, 26 Apr 2021 13:34:54 GMT","pragma":"no-cache","content-type":"application/json; charset=utf-8","vary":"X-Origin, Referer, Origin,Accept-Encoding","server":"scaffolding on HTTPServer2","x-xss-protection":"0","x-frame-options":"SAMEORIGIN","x-content-type-options":"nosniff","alt-svc":"h3-29=\":443\"; ma=2592000,h3-T051=\":443\"; ma=2592000,h3-Q050=\":443\"; ma=2592000,h3-Q046=\":443\"; ma=2592000,h3-Q043=\":443\"; ma=2592000,quic=\":443\"; ma=2592000; v=\"46,43\"","accept-ranges":"none","transfer-encoding":"chunked"}
[debug] [2021-04-26T13:34:56.655Z] >>> HTTP REQUEST POST https://cloudresourcemanager.googleapis.com/v1/projects/mlt-tag-test:testIamPermissions  
 {"permissions":["firebase.projects.get","firebasedatabase.instances.update","firebasehosting.sites.update"]}
[debug] [2021-04-26T13:34:57.058Z] <<< [apiv2][status] GET https://firebase-public.firebaseio.com/cli.json 200
[debug] [2021-04-26T13:34:57.058Z] <<< [apiv2][body] GET https://firebase-public.firebaseio.com/cli.json {"cloudBuildErrorAfter":1594252800000,"cloudBuildWarnAfter":1590019200000,"defaultNode10After":1594252800000,"minVersion":"3.0.5","node8DeploysDisabledAfter":1613390400000,"node8RuntimeDisabledAfter":1615809600000,"node8WarnAfter":1600128000000}
[debug] [2021-04-26T13:34:57.665Z] <<< HTTP RESPONSE 200 {"content-type":"application/json; charset=UTF-8","vary":"X-Origin, Referer, Origin,Accept-Encoding","date":"Mon, 26 Apr 2021 13:34:55 GMT","server":"ESF","cache-control":"private","x-xss-protection":"0","x-frame-options":"SAMEORIGIN","x-content-type-options":"nosniff","server-timing":"gfet4t7; dur=729","alt-svc":"h3-29=\":443\"; ma=2592000,h3-T051=\":443\"; ma=2592000,h3-Q050=\":443\"; ma=2592000,h3-Q046=\":443\"; ma=2592000,h3-Q043=\":443\"; ma=2592000,quic=\":443\"; ma=2592000; v=\"46,43\"","accept-ranges":"none","transfer-encoding":"chunked"}
[debug] [2021-04-26T13:34:57.666Z] > refreshing access token with scopes: []
[debug] [2021-04-26T13:34:57.666Z] >>> HTTP REQUEST POST https://www.googleapis.com/oauth2/v3/token  
 <request body omitted>
[debug] [2021-04-26T13:34:57.938Z] <<< HTTP RESPONSE 200 {"cache-control":"no-cache, no-store, max-age=0, must-revalidate","pragma":"no-cache","expires":"Mon, 01 Jan 1990 00:00:00 GMT","date":"Mon, 26 Apr 2021 13:34:55 GMT","content-type":"application/json; charset=utf-8","vary":"X-Origin, Referer, Origin,Accept-Encoding","server":"scaffolding on HTTPServer2","x-xss-protection":"0","x-frame-options":"SAMEORIGIN","x-content-type-options":"nosniff","alt-svc":"h3-29=\":443\"; ma=2592000,h3-T051=\":443\"; ma=2592000,h3-Q050=\":443\"; ma=2592000,h3-Q046=\":443\"; ma=2592000,h3-Q043=\":443\"; ma=2592000,quic=\":443\"; ma=2592000; v=\"46,43\"","accept-ranges":"none","transfer-encoding":"chunked"}
[debug] [2021-04-26T13:34:57.947Z] >>> [apiv2][query] GET https://firebase.googleapis.com/v1beta1/projects/mlt-tag-test [none]
[debug] [2021-04-26T13:34:58.516Z] <<< [apiv2][status] GET https://firebase.googleapis.com/v1beta1/projects/mlt-tag-test 200
[debug] [2021-04-26T13:34:58.516Z] <<< [apiv2][body] GET https://firebase.googleapis.com/v1beta1/projects/mlt-tag-test {"projectId":"mlt-tag-test","projectNumber":"852050339091","displayName":"mlt-tag-test","name":"projects/mlt-tag-test","resources":{"hostingSite":"mlt-tag-test","realtimeDatabaseInstance":"mlt-tag-test-default-rtdb","storageBucket":"mlt-tag-test.appspot.com","locationId":"us-central"},"state":"ACTIVE"}
[debug] [2021-04-26T13:34:58.516Z] >>> [apiv2][query] GET https://firebase.googleapis.com/v1beta1/projects/mlt-tag-test [none]
[debug] [2021-04-26T13:34:58.907Z] <<< [apiv2][status] GET https://firebase.googleapis.com/v1beta1/projects/mlt-tag-test 200
[debug] [2021-04-26T13:34:58.907Z] <<< [apiv2][body] GET https://firebase.googleapis.com/v1beta1/projects/mlt-tag-test {"projectId":"mlt-tag-test","projectNumber":"852050339091","displayName":"mlt-tag-test","name":"projects/mlt-tag-test","resources":{"hostingSite":"mlt-tag-test","realtimeDatabaseInstance":"mlt-tag-test-default-rtdb","storageBucket":"mlt-tag-test.appspot.com","locationId":"us-central"},"state":"ACTIVE"}
[info] 
[info] === Deploying to 'mlt-tag-test'...
[info] 
[info] i  deploying database, hosting 
[info] i  database: checking rules syntax... 
[debug] [2021-04-26T13:34:58.910Z] > refreshing access token with scopes: ["email","https://www.googleapis.com/auth/cloud-platform","https://www.googleapis.com/auth/cloudplatformprojects.readonly","https://www.googleapis.com/auth/firebase","openid"]
[debug] [2021-04-26T13:34:58.910Z] >>> HTTP REQUEST POST https://www.googleapis.com/oauth2/v3/token  
 <request body omitted>
[debug] [2021-04-26T13:34:59.171Z] <<< HTTP RESPONSE 200 {"cache-control":"no-cache, no-store, max-age=0, must-revalidate","expires":"Mon, 01 Jan 1990 00:00:00 GMT","date":"Mon, 26 Apr 2021 13:34:56 GMT","pragma":"no-cache","content-type":"application/json; charset=utf-8","vary":"X-Origin, Referer, Origin,Accept-Encoding","server":"scaffolding on HTTPServer2","x-xss-protection":"0","x-frame-options":"SAMEORIGIN","x-content-type-options":"nosniff","alt-svc":"h3-29=\":443\"; ma=2592000,h3-T051=\":443\"; ma=2592000,h3-Q050=\":443\"; ma=2592000,h3-Q046=\":443\"; ma=2592000,h3-Q043=\":443\"; ma=2592000,quic=\":443\"; ma=2592000; v=\"46,43\"","accept-ranges":"none","transfer-encoding":"chunked"}
[debug] [2021-04-26T13:34:59.177Z] >>> HTTP REQUEST GET https://firebasedatabase.googleapis.com/v1beta/projects/mlt-tag-test/locations/-/instances/mlt-tag-test-default-rtdb  
 
[debug] [2021-04-26T13:35:00.504Z] <<< HTTP RESPONSE 200 {"content-type":"application/json; charset=UTF-8","vary":"X-Origin, Referer, Origin,Accept-Encoding","date":"Mon, 26 Apr 2021 13:34:57 GMT","server":"ESF","cache-control":"private","x-xss-protection":"0","x-frame-options":"SAMEORIGIN","x-content-type-options":"nosniff","alt-svc":"h3-29=\":443\"; ma=2592000,h3-T051=\":443\"; ma=2592000,h3-Q050=\":443\"; ma=2592000,h3-Q046=\":443\"; ma=2592000,h3-Q043=\":443\"; ma=2592000,quic=\":443\"; ma=2592000; v=\"46,43\"","accept-ranges":"none","transfer-encoding":"chunked"}
[debug] [2021-04-26T13:35:00.505Z] >>> HTTP REQUEST PUT https://mlt-tag-test-default-rtdb.firebaseio.com/.settings/rules.json?dryRun=true  
 {
  /* Visit https://firebase.google.com/docs/database/security to learn more about security rules. */
  "rules": {
    ".read": false,
    ".write": false
  }
}
[debug] [2021-04-26T13:35:01.371Z] <<< HTTP RESPONSE 200 {"server":"nginx","date":"Mon, 26 Apr 2021 13:34:58 GMT","content-type":"application/json; charset=utf-8","content-length":"15","connection":"keep-alive","access-control-allow-origin":"*","cache-control":"no-cache","strict-transport-security":"max-age=31556926; includeSubDomains; preload"}
[info] +  database: rules syntax for database mlt-tag-test-default-rtdb is valid 
[debug] [2021-04-26T13:35:01.373Z] >>> HTTP REQUEST POST https://firebasehosting.googleapis.com/v1beta1/sites/mlt-tag-test/versions  
 {"config":{"rewrites":[{"glob":"**","path":"/index.html"}]},"labels":{"deployment-tool":"cli-firebase"}}
[debug] [2021-04-26T13:35:03.071Z] <<< HTTP RESPONSE 200 {"content-type":"application/json; charset=UTF-8","vary":"X-Origin, Referer, Origin,Accept-Encoding","date":"Mon, 26 Apr 2021 13:35:00 GMT","server":"ESF","cache-control":"private","x-xss-protection":"0","x-frame-options":"SAMEORIGIN","x-content-type-options":"nosniff","alt-svc":"h3-29=\":443\"; ma=2592000,h3-T051=\":443\"; ma=2592000,h3-Q050=\":443\"; ma=2592000,h3-Q046=\":443\"; ma=2592000,h3-Q043=\":443\"; ma=2592000,quic=\":443\"; ma=2592000; v=\"46,43\"","accept-ranges":"none","transfer-encoding":"chunked"}
[info] i  hosting[mlt-tag-test]: beginning deploy... 
[info] i  hosting[mlt-tag-test]: found 31 files in build 
[debug] [2021-04-26T13:35:03.396Z] > refreshing access token with scopes: []
[debug] [2021-04-26T13:35:03.397Z] >>> HTTP REQUEST POST https://www.googleapis.com/oauth2/v3/token  
 <request body omitted>
[debug] [2021-04-26T13:35:03.399Z] [hosting] hash cache [YnVpbGQ] stored for 31 files
[debug] [2021-04-26T13:35:03.399Z] [hosting][hash queue][FINAL] {"max":307,"min":2,"avg":21.451612903225808,"active":0,"complete":31,"success":31,"errored":0,"retried":0,"total":31,"elapsed":314}
[debug] [2021-04-26T13:35:03.657Z] <<< HTTP RESPONSE 200 {"expires":"Mon, 01 Jan 1990 00:00:00 GMT","pragma":"no-cache","cache-control":"no-cache, no-store, max-age=0, must-revalidate","date":"Mon, 26 Apr 2021 13:35:01 GMT","content-type":"application/json; charset=utf-8","vary":"X-Origin, Referer, Origin,Accept-Encoding","server":"scaffolding on HTTPServer2","x-xss-protection":"0","x-frame-options":"SAMEORIGIN","x-content-type-options":"nosniff","alt-svc":"h3-29=\":443\"; ma=2592000,h3-T051=\":443\"; ma=2592000,h3-Q050=\":443\"; ma=2592000,h3-Q046=\":443\"; ma=2592000,h3-Q043=\":443\"; ma=2592000,quic=\":443\"; ma=2592000; v=\"46,43\"","accept-ranges":"none","transfer-encoding":"chunked"}
[debug] [2021-04-26T13:35:03.664Z] >>> [apiv2][query] POST https://firebasehosting.googleapis.com/v1beta1/sites/mlt-tag-test/versions/de88c0c850cd9e0d:populateFiles [none]
[debug] [2021-04-26T13:35:03.664Z] >>> [apiv2][body] POST https://firebasehosting.googleapis.com/v1beta1/sites/mlt-tag-test/versions/de88c0c850cd9e0d:populateFiles {"files":{"/Example_image.png":"7ce7be8a6f96ced6b843b633e801d623bff55174e64264a92a2a93a682630e3a","/favicon.ico":"eae62e993eb980ec8a25058c39d5a51feab118bd2100c4deebb2a9c158ec11f9","/google.jpg":"2b6972d785f91ab16a7d6a828b75006a731ea827ae9b3d9fd265e9117b006f6c","/loading.gif":"255981584643781354987dac3373c7b7407c9fc9d70aa781383ac4ed0bc5eaa3","/logo.svg":"a576b30a03126ac7a7a79b51da9bdc0ebd77bf742d311cae6ab6da4846859d37","/logoLogin.svg":"a63a3a5ff4e6dedbcf2726c34164079846287b0742c4e40563602b4b091b2bef","/manifest.json":"d0f8f4de77fdcd929fee571a382d757511cc95b5ddb2d044a8df74ae74903486","/Noah Stewart v13 v1 redWhite.png":"d36e1bda799edef92a89e7814c290fa1dbf726cd56507e93228e70643cca309b","/Noah Stewart v13 v1 yellowBlue.png":"33b8db187fdebe69feaec85926e4883fa09db1afa36c4c421a0b47f93d66cee2","/robots.txt":"bfe106a3fb878dc83461c86818bf74fc1bdc7f28538ba613cd3e775516ce8b49","/asset-manifest.json":"c8499e94d3065d82c934cbd378551ac5c7cd773b6ef7f5b2613261e29ebf780a","/index.html":"276e874da13909fea70ee55c90358349912d5111d63bf3e11b5194f360e1d635","/static/css/2.b6f7359a.chunk.css":"9c947ef22741106dd0b01482f8eee8cd96482bb321a5323b3e567f1e92d1311a","/static/css/2.b6f7359a.chunk.css.map":"09a05f968533f5fad41e634a98f280f718ac76f5fc8582ea2f213809e7233afa","/static/css/main.6a550bd6.chunk.css":"dd2d9d9e04501ca7efcade11ecd1ee666f0dda0b61a00ddc74175b31fbec9730","/static/css/main.6a550bd6.chunk.css.map":"2a895a0ab19f4c0f3ca4729e1dbc3bcf0d98df506ca741523f09963e25ded98a","/static/js/2.93fb9cd6.chunk.js.LICENSE.txt":"66a48c7d165bec81ba7abee18855d1b900da5528c895b9756a8e62baeeddf387","/static/js/3.dfcad831.chunk.js":"3cdf132cf8a9aa9ad8c80e42f30233b042a6b9dce55efe505b4dcbc71225fde5","/static/js/3.dfcad831.chunk.js.map":"c43a734b396c7d2bfb0e70d58ddebadfb371fa7a2df6276b3e46c47cee23a42c","/static/js/runtime-main.9667367c.js":"c34bd64883c032efb0838d8e777298000096dd46989c47218af0d05d1daa348c","/static/js/main.120e7672.chunk.js":"f78e252d99116f81fc98b9010412bcabc4cd54bbd971eff6344a657dccee0047","/static/js/runtime-main.9667367c.js.map":"a2bd902971811ed8aa5c8963bbdce556ce747f4cf520b38d22f443b225b76ec9","/static/js/main.120e7672.chunk.js.map":"35e066c2d8fb6fa28181c629b5a5ea80831d401620d6c5540e3eea4e1c71f429","/Noah_BlueYellow.png":"7aed141f161a6a27548d496aaf157afdf329e669565ebb8eb249d2c972c90343","/Noah_YellowBlack.png":"2d9f7eee39b4737872b8595e67ab9e2504bef0f223646f02eb5df8ea91fbdba2","/Noah_RedWhite.png":"955fdb168a13d9d5d376222d3eed667e000806df1126a711d91426883bb541e5","/Noah_BlueYellow1.PNG":"5677250af375242a2941f5dd68cdeb69863cbd9a77940b432315c96836ec94cc","/Noah_RedWhite1.png":"91f6580d44d47d0ff50c6ed9afe28b5ecec4902193c452ce6568d24ebc80fb08","/Noah_YellowBlack1.png":"3386ea0516962b9ef1114c3764e614953307d7774579c5e2c350576b0cf47a31","/static/js/2.93fb9cd6.chunk.js":"10cc058743dcb923a7fc99a71e9064e7258f540db17050f4188c50af6950e231","/static/js/2.93fb9cd6.chunk.js.map":"ebbc7f2615762e70f0e154a84f96146257f10fcf0ae35cbf5c74363582936c5d"}}
[debug] [2021-04-26T13:35:04.840Z] <<< [apiv2][status] POST https://firebasehosting.googleapis.com/v1beta1/sites/mlt-tag-test/versions/de88c0c850cd9e0d:populateFiles 200
[debug] [2021-04-26T13:35:04.840Z] <<< [apiv2][body] POST https://firebasehosting.googleapis.com/v1beta1/sites/mlt-tag-test/versions/de88c0c850cd9e0d:populateFiles {"uploadRequiredHashes":["35e066c2d8fb6fa28181c629b5a5ea80831d401620d6c5540e3eea4e1c71f429","7aed141f161a6a27548d496aaf157afdf329e669565ebb8eb249d2c972c90343","3386ea0516962b9ef1114c3764e614953307d7774579c5e2c350576b0cf47a31","dd2d9d9e04501ca7efcade11ecd1ee666f0dda0b61a00ddc74175b31fbec9730","955fdb168a13d9d5d376222d3eed667e000806df1126a711d91426883bb541e5","c8499e94d3065d82c934cbd378551ac5c7cd773b6ef7f5b2613261e29ebf780a","5677250af375242a2941f5dd68cdeb69863cbd9a77940b432315c96836ec94cc","276e874da13909fea70ee55c90358349912d5111d63bf3e11b5194f360e1d635","91f6580d44d47d0ff50c6ed9afe28b5ecec4902193c452ce6568d24ebc80fb08","f78e252d99116f81fc98b9010412bcabc4cd54bbd971eff6344a657dccee0047","10cc058743dcb923a7fc99a71e9064e7258f540db17050f4188c50af6950e231","2d9f7eee39b4737872b8595e67ab9e2504bef0f223646f02eb5df8ea91fbdba2","2a895a0ab19f4c0f3ca4729e1dbc3bcf0d98df506ca741523f09963e25ded98a","ebbc7f2615762e70f0e154a84f96146257f10fcf0ae35cbf5c74363582936c5d"],"uploadUrl":"https://upload-firebasehosting.googleapis.com/upload/sites/mlt-tag-test/versions/de88c0c850cd9e0d/files"}
[debug] [2021-04-26T13:35:04.842Z] >>> [apiv2][query] POST https://upload-firebasehosting.googleapis.com/upload/sites/mlt-tag-test/versions/de88c0c850cd9e0d/files/35e066c2d8fb6fa28181c629b5a5ea80831d401620d6c5540e3eea4e1c71f429 [none]
[debug] [2021-04-26T13:35:04.842Z] >>> [apiv2][body] POST https://upload-firebasehosting.googleapis.com/upload/sites/mlt-tag-test/versions/de88c0c850cd9e0d/files/35e066c2d8fb6fa28181c629b5a5ea80831d401620d6c5540e3eea4e1c71f429 [stream]
[debug] [2021-04-26T13:35:04.843Z] >>> [apiv2][query] POST https://upload-firebasehosting.googleapis.com/upload/sites/mlt-tag-test/versions/de88c0c850cd9e0d/files/7aed141f161a6a27548d496aaf157afdf329e669565ebb8eb249d2c972c90343 [none]
[debug] [2021-04-26T13:35:04.843Z] >>> [apiv2][body] POST https://upload-firebasehosting.googleapis.com/upload/sites/mlt-tag-test/versions/de88c0c850cd9e0d/files/7aed141f161a6a27548d496aaf157afdf329e669565ebb8eb249d2c972c90343 [stream]
[debug] [2021-04-26T13:35:04.844Z] >>> [apiv2][query] POST https://upload-firebasehosting.googleapis.com/upload/sites/mlt-tag-test/versions/de88c0c850cd9e0d/files/3386ea0516962b9ef1114c3764e614953307d7774579c5e2c350576b0cf47a31 [none]
[debug] [2021-04-26T13:35:04.844Z] >>> [apiv2][body] POST https://upload-firebasehosting.googleapis.com/upload/sites/mlt-tag-test/versions/de88c0c850cd9e0d/files/3386ea0516962b9ef1114c3764e614953307d7774579c5e2c350576b0cf47a31 [stream]
[debug] [2021-04-26T13:35:04.844Z] >>> [apiv2][query] POST https://upload-firebasehosting.googleapis.com/upload/sites/mlt-tag-test/versions/de88c0c850cd9e0d/files/dd2d9d9e04501ca7efcade11ecd1ee666f0dda0b61a00ddc74175b31fbec9730 [none]
[debug] [2021-04-26T13:35:04.844Z] >>> [apiv2][body] POST https://upload-firebasehosting.googleapis.com/upload/sites/mlt-tag-test/versions/de88c0c850cd9e0d/files/dd2d9d9e04501ca7efcade11ecd1ee666f0dda0b61a00ddc74175b31fbec9730 [stream]
[debug] [2021-04-26T13:35:04.845Z] >>> [apiv2][query] POST https://upload-firebasehosting.googleapis.com/upload/sites/mlt-tag-test/versions/de88c0c850cd9e0d/files/955fdb168a13d9d5d376222d3eed667e000806df1126a711d91426883bb541e5 [none]
[debug] [2021-04-26T13:35:04.845Z] >>> [apiv2][body] POST https://upload-firebasehosting.googleapis.com/upload/sites/mlt-tag-test/versions/de88c0c850cd9e0d/files/955fdb168a13d9d5d376222d3eed667e000806df1126a711d91426883bb541e5 [stream]
[debug] [2021-04-26T13:35:04.845Z] >>> [apiv2][query] POST https://upload-firebasehosting.googleapis.com/upload/sites/mlt-tag-test/versions/de88c0c850cd9e0d/files/c8499e94d3065d82c934cbd378551ac5c7cd773b6ef7f5b2613261e29ebf780a [none]
[debug] [2021-04-26T13:35:04.845Z] >>> [apiv2][body] POST https://upload-firebasehosting.googleapis.com/upload/sites/mlt-tag-test/versions/de88c0c850cd9e0d/files/c8499e94d3065d82c934cbd378551ac5c7cd773b6ef7f5b2613261e29ebf780a [stream]
[debug] [2021-04-26T13:35:04.846Z] >>> [apiv2][query] POST https://upload-firebasehosting.googleapis.com/upload/sites/mlt-tag-test/versions/de88c0c850cd9e0d/files/5677250af375242a2941f5dd68cdeb69863cbd9a77940b432315c96836ec94cc [none]
[debug] [2021-04-26T13:35:04.846Z] >>> [apiv2][body] POST https://upload-firebasehosting.googleapis.com/upload/sites/mlt-tag-test/versions/de88c0c850cd9e0d/files/5677250af375242a2941f5dd68cdeb69863cbd9a77940b432315c96836ec94cc [stream]
[debug] [2021-04-26T13:35:04.846Z] >>> [apiv2][query] POST https://upload-firebasehosting.googleapis.com/upload/sites/mlt-tag-test/versions/de88c0c850cd9e0d/files/276e874da13909fea70ee55c90358349912d5111d63bf3e11b5194f360e1d635 [none]
[debug] [2021-04-26T13:35:04.846Z] >>> [apiv2][body] POST https://upload-firebasehosting.googleapis.com/upload/sites/mlt-tag-test/versions/de88c0c850cd9e0d/files/276e874da13909fea70ee55c90358349912d5111d63bf3e11b5194f360e1d635 [stream]
[debug] [2021-04-26T13:35:04.846Z] >>> [apiv2][query] POST https://upload-firebasehosting.googleapis.com/upload/sites/mlt-tag-test/versions/de88c0c850cd9e0d/files/91f6580d44d47d0ff50c6ed9afe28b5ecec4902193c452ce6568d24ebc80fb08 [none]
[debug] [2021-04-26T13:35:04.847Z] >>> [apiv2][body] POST https://upload-firebasehosting.googleapis.com/upload/sites/mlt-tag-test/versions/de88c0c850cd9e0d/files/91f6580d44d47d0ff50c6ed9afe28b5ecec4902193c452ce6568d24ebc80fb08 [stream]
[debug] [2021-04-26T13:35:04.847Z] >>> [apiv2][query] POST https://upload-firebasehosting.googleapis.com/upload/sites/mlt-tag-test/versions/de88c0c850cd9e0d/files/f78e252d99116f81fc98b9010412bcabc4cd54bbd971eff6344a657dccee0047 [none]
[debug] [2021-04-26T13:35:04.847Z] >>> [apiv2][body] POST https://upload-firebasehosting.googleapis.com/upload/sites/mlt-tag-test/versions/de88c0c850cd9e0d/files/f78e252d99116f81fc98b9010412bcabc4cd54bbd971eff6344a657dccee0047 [stream]
[debug] [2021-04-26T13:35:04.847Z] >>> [apiv2][query] POST https://upload-firebasehosting.googleapis.com/upload/sites/mlt-tag-test/versions/de88c0c850cd9e0d/files/10cc058743dcb923a7fc99a71e9064e7258f540db17050f4188c50af6950e231 [none]
[debug] [2021-04-26T13:35:04.847Z] >>> [apiv2][body] POST https://upload-firebasehosting.googleapis.com/upload/sites/mlt-tag-test/versions/de88c0c850cd9e0d/files/10cc058743dcb923a7fc99a71e9064e7258f540db17050f4188c50af6950e231 [stream]
[debug] [2021-04-26T13:35:04.849Z] >>> [apiv2][query] POST https://upload-firebasehosting.googleapis.com/upload/sites/mlt-tag-test/versions/de88c0c850cd9e0d/files/2d9f7eee39b4737872b8595e67ab9e2504bef0f223646f02eb5df8ea91fbdba2 [none]
[debug] [2021-04-26T13:35:04.849Z] >>> [apiv2][body] POST https://upload-firebasehosting.googleapis.com/upload/sites/mlt-tag-test/versions/de88c0c850cd9e0d/files/2d9f7eee39b4737872b8595e67ab9e2504bef0f223646f02eb5df8ea91fbdba2 [stream]
[debug] [2021-04-26T13:35:04.851Z] >>> [apiv2][query] POST https://upload-firebasehosting.googleapis.com/upload/sites/mlt-tag-test/versions/de88c0c850cd9e0d/files/2a895a0ab19f4c0f3ca4729e1dbc3bcf0d98df506ca741523f09963e25ded98a [none]
[debug] [2021-04-26T13:35:04.851Z] >>> [apiv2][body] POST https://upload-firebasehosting.googleapis.com/upload/sites/mlt-tag-test/versions/de88c0c850cd9e0d/files/2a895a0ab19f4c0f3ca4729e1dbc3bcf0d98df506ca741523f09963e25ded98a [stream]
[debug] [2021-04-26T13:35:04.851Z] >>> [apiv2][query] POST https://upload-firebasehosting.googleapis.com/upload/sites/mlt-tag-test/versions/de88c0c850cd9e0d/files/ebbc7f2615762e70f0e154a84f96146257f10fcf0ae35cbf5c74363582936c5d [none]
[debug] [2021-04-26T13:35:04.851Z] >>> [apiv2][body] POST https://upload-firebasehosting.googleapis.com/upload/sites/mlt-tag-test/versions/de88c0c850cd9e0d/files/ebbc7f2615762e70f0e154a84f96146257f10fcf0ae35cbf5c74363582936c5d [stream]
[debug] [2021-04-26T13:35:04.852Z] [hosting][populate queue][FINAL] {"max":1446,"min":1446,"avg":1446,"active":0,"complete":1,"success":1,"errored":0,"retried":0,"total":1,"elapsed":1456}
[debug] [2021-04-26T13:35:04.852Z] [hosting] uploads queued: 14
